{"level":"info","message":"Server ON","timestamp":"2020-12-22T19:55:28.522Z"}
{"level":"info","message":"DB is connected","timestamp":"2020-12-22T19:55:40.112Z"}
{"created_at":"2020-12-22T16:25:45.023Z","_id":"5fe21e31831a9b1df8f1b0a8","email":"alejandro.silva.m@gmail.com","nombre":"Alejandro Silva","fecha":"2020-12-23T00:00:00.000Z","hora":"10:00","depto":"201","numero":1,"celular":"957228927","__v":0,"level":"info","timestamp":"2020-12-22T19:57:12.849Z"}
{"level":"info","message":"Server ON","timestamp":"2020-12-22T20:06:36.169Z"}
{"level":"info","message":"DB is connected","timestamp":"2020-12-22T20:06:47.730Z"}
{"level":"info","message":"Server ON","timestamp":"2020-12-22T20:09:16.255Z"}
{"level":"info","message":"Server ON","timestamp":"2020-12-22T20:09:27.729Z"}
{"level":"info","message":"DB is connected","timestamp":"2020-12-22T20:09:37.876Z"}
{"level":"info","message":"Server ON","timestamp":"2020-12-22T20:13:40.731Z"}
{"level":"info","message":"DB is connected","timestamp":"2020-12-22T20:13:52.352Z"}
{"level":"info","message":"Server ON","timestamp":"2020-12-22T20:18:41.999Z"}
{"level":"info","message":"DB is connected","timestamp":"2020-12-22T20:18:53.571Z"}
{"level":"info","message":"Server ON","timestamp":"2020-12-22T21:47:31.281Z"}
{"level":"info","message":"DB is connected","timestamp":"2020-12-22T21:47:42.723Z"}
{"level":"info","message":"Server ON","timestamp":"2020-12-22T22:04:23.215Z"}
{"level":"info","message":"DB is connected","timestamp":"2020-12-22T22:04:34.804Z"}
{"level":"info","message":"Server ON","timestamp":"2020-12-22T22:05:38.335Z"}
{"level":"info","message":"DB is connected","timestamp":"2020-12-22T22:05:49.890Z"}
{"level":"info","message":"Server ON","timestamp":"2020-12-22T22:15:29.675Z"}
{"level":"info","message":"DB is connected","timestamp":"2020-12-22T22:15:39.979Z"}
{"level":"info","message":"Server ON","timestamp":"2020-12-22T22:19:19.750Z"}
{"level":"info","message":"DB is connected","timestamp":"2020-12-22T22:19:31.351Z"}
{"level":"info","message":"Server ON","timestamp":"2020-12-22T22:20:15.252Z"}
{"level":"info","message":"DB is connected","timestamp":"2020-12-22T22:20:25.440Z"}
{"level":"info","message":"Server ON","timestamp":"2020-12-22T22:20:52.534Z"}
{"level":"info","message":"DB is connected","timestamp":"2020-12-22T22:20:58.876Z"}
{"level":"info","message":"Server ON","timestamp":"2020-12-22T22:23:50.809Z"}
{"level":"info","message":"Server ON","timestamp":"2020-12-22T22:24:01.962Z"}
{"level":"info","message":"DB is connected","timestamp":"2020-12-22T22:24:08.277Z"}
{"level":"info","message":"Server ON","timestamp":"2020-12-22T22:25:22.776Z"}
{"level":"info","message":"DB is connected","timestamp":"2020-12-22T22:25:29.086Z"}
{"level":"info","message":"Server ON","timestamp":"2020-12-22T22:27:15.556Z"}
{"level":"info","message":"DB is connected","timestamp":"2020-12-22T22:27:27.037Z"}
{"level":"info","message":"Server ON","timestamp":"2020-12-22T22:28:34.525Z"}
{"level":"info","message":"Server ON","timestamp":"2020-12-22T22:28:38.184Z"}
{"level":"info","message":"DB is connected","timestamp":"2020-12-22T22:28:49.657Z"}
{"level":"info","message":"Server ON","timestamp":"2020-12-22T22:31:37.051Z"}
{"level":"info","message":"DB is connected","timestamp":"2020-12-22T22:31:48.533Z"}
{"level":"info","message":"Server ON","timestamp":"2020-12-22T22:32:13.242Z"}
{"level":"info","message":"DB is connected","timestamp":"2020-12-22T22:32:19.553Z"}
{"email":"alejandro.silva.m@gmail.com","nombre":"Alejandro Silva","fecha":"2020-12-22","hora":"10:00","depto":"201","celular":"957228927","numero":"1","level":"info","timestamp":"2020-12-22T22:32:59.510Z"}
{"level":"info","message":"Correo enviado: alejandro.silva.m@gmail.com","timestamp":"2020-12-22T22:33:02.341Z"}
{"email":"alejandro.silva.m@gmail.com","nombre":"Alejandro Silva","fecha":"2020-12-23","hora":"10:00","depto":"201","celular":"957228927","numero":"1","level":"info","timestamp":"2020-12-22T22:34:49.161Z"}
{"level":"info","message":"Correo enviado: alejandro.silva.m@gmail.com","timestamp":"2020-12-22T22:34:51.566Z"}
{"level":"info","message":"Server ON","timestamp":"2020-12-22T22:36:38.502Z"}
{"level":"info","message":"DB is connected","timestamp":"2020-12-22T22:36:44.881Z"}
{"email":"alejandro.silva.m@gmail.com","nombre":"Alejandro Silva","fecha":"2020-12-22","hora":"11:00","depto":"202","celular":"957228927","numero":"2","level":"info","timestamp":"2020-12-22T22:36:58.413Z"}
{"level":"info","message":"Correo enviado: alejandro.silva.m@gmail.com","timestamp":"2020-12-22T22:37:01.188Z"}
{"email":"alejandro.silva.m@gmail.com","nombre":"Alejandro Silva","fecha":"2020-12-23","hora":"11:00","depto":"202","celular":"957228927","numero":"3","level":"info","timestamp":"2020-12-22T22:37:39.459Z"}
{"level":"info","message":"Correo enviado: alejandro.silva.m@gmail.com","timestamp":"2020-12-22T22:37:41.859Z"}
{"level":"info","message":"Server ON","timestamp":"2020-12-22T22:38:52.244Z"}
{"level":"info","message":"DB is connected","timestamp":"2020-12-22T22:39:03.780Z"}
{"email":"alejandro.silva.m@gmail.com","nombre":"Alejandro Silva","fecha":"2020-12-22","hora":"10:00","depto":"205","celular":"957228927","numero":"1","level":"info","timestamp":"2020-12-22T22:39:15.189Z"}
{"level":"info","message":"Correo enviado: alejandro.silva.m@gmail.com","timestamp":"2020-12-22T22:39:17.640Z"}
{"level":"info","message":"Server ON","timestamp":"2020-12-22T22:40:39.258Z"}
{"level":"info","message":"DB is connected","timestamp":"2020-12-22T22:40:50.752Z"}
{"email":"alejandro.silva.m@gmail.com","nombre":"Alejandro Silva","fecha":"2020-12-23","hora":"16:00","depto":"305","celular":"957228927","numero":"1","level":"info","timestamp":"2020-12-22T22:41:07.047Z"}
{"level":"info","message":"Correo enviado: alejandro.silva.m@gmail.com","timestamp":"2020-12-22T22:41:09.500Z"}
{"level":"info","message":"Server ON","timestamp":"2020-12-22T22:41:49.190Z"}
{"level":"info","message":"DB is connected","timestamp":"2020-12-22T22:42:00.652Z"}
{"level":"info","message":"Server ON","timestamp":"2020-12-22T22:44:28.889Z"}
{"level":"info","message":"DB is connected","timestamp":"2020-12-22T22:44:40.466Z"}
{"level":"info","message":"Server ON","timestamp":"2020-12-22T22:45:49.546Z"}
{"level":"info","message":"DB is connected","timestamp":"2020-12-22T22:46:01.033Z"}
{"level":"info","message":"Server ON","timestamp":"2020-12-22T22:54:57.455Z"}
{"level":"info","message":"DB is connected","timestamp":"2020-12-22T22:55:08.903Z"}
{"email":"alejandro.silva.m@gmail.com","nombre":"Alejandro Silva","fecha":"2020-12-23","hora":"14:00","depto":"301","celular":"957228927","numero":"1","level":"info","timestamp":"2020-12-22T22:55:33.319Z"}
{"level":"info","message":"Correo enviado: alejandro.silva.m@gmail.com","timestamp":"2020-12-22T22:55:36.299Z"}
{"level":"info","message":"Server ON","timestamp":"2020-12-22T22:58:40.137Z"}
{"level":"info","message":"DB is connected","timestamp":"2020-12-22T22:58:51.671Z"}
{"email":"alejandro.silva.m@gmail.com","nombre":"Alejandro Silva","fecha":"2020-12-23","hora":"15:00","depto":"303","celular":"957228927","numero":"1","level":"info","timestamp":"2020-12-22T22:58:58.932Z"}
{"level":"info","message":"Correo enviado: alejandro.silva.m@gmail.com","timestamp":"2020-12-22T22:59:01.357Z"}
{"email":"alejandro.silva.m@gmail.com","nombre":"Alejandro Silva","fecha":"2020-12-23","hora":"20:00","depto":"203","celular":"957228927","numero":"2","level":"info","timestamp":"2020-12-22T22:59:50.819Z"}
{"level":"info","message":"Correo enviado: alejandro.silva.m@gmail.com","timestamp":"2020-12-22T22:59:53.188Z"}
{"level":"info","message":"Server ON","timestamp":"2020-12-22T23:01:42.965Z"}
{"level":"info","message":"DB is connected","timestamp":"2020-12-22T23:01:54.470Z"}
{"level":"info","message":"Server ON","timestamp":"2020-12-22T23:03:02.998Z"}
{"level":"info","message":"DB is connected","timestamp":"2020-12-22T23:03:14.467Z"}
{"level":"info","message":"Server ON","timestamp":"2020-12-22T23:05:36.977Z"}
{"errno":"ETIMEOUT","code":"ETIMEOUT","syscall":"querySrv","hostname":"_mongodb._tcp.cluster0.sxawd.azure.mongodb.net","level":"error","timestamp":"2020-12-22T23:06:02.607Z"}
{"level":"info","message":"Server ON","timestamp":"2020-12-22T23:15:56.621Z"}
{"level":"info","message":"DB is connected","timestamp":"2020-12-22T23:16:08.102Z"}
{"level":"info","message":"Server ON","timestamp":"2020-12-23T00:45:56.480Z"}
{"level":"info","message":"DB is connected","timestamp":"2020-12-23T00:46:08.001Z"}
{"level":"info","message":"Server ON","timestamp":"2020-12-23T00:46:32.812Z"}
{"level":"info","message":"DB is connected","timestamp":"2020-12-23T00:46:44.229Z"}
{"level":"info","message":"Server ON","timestamp":"2020-12-23T00:50:04.887Z"}
{"level":"info","message":"DB is connected","timestamp":"2020-12-23T00:50:16.360Z"}
{"level":"info","message":"Server ON","timestamp":"2020-12-23T00:50:57.368Z"}
{"level":"info","message":"DB is connected","timestamp":"2020-12-23T00:51:07.555Z"}
{"level":"info","message":"Server ON","timestamp":"2020-12-23T00:52:13.222Z"}
{"level":"info","message":"DB is connected","timestamp":"2020-12-23T00:52:24.815Z"}
{"level":"info","message":"Server ON","timestamp":"2020-12-23T00:54:14.138Z"}
{"level":"info","message":"DB is connected","timestamp":"2020-12-23T00:54:25.687Z"}
{"level":"info","message":"Server ON","timestamp":"2020-12-23T00:54:37.275Z"}
{"level":"info","message":"DB is connected","timestamp":"2020-12-23T00:54:48.691Z"}
{"level":"info","message":"Server ON","timestamp":"2020-12-23T00:55:15.838Z"}
{"level":"info","message":"Server ON","timestamp":"2020-12-23T00:55:22.413Z"}
{"level":"info","message":"DB is connected","timestamp":"2020-12-23T00:55:32.610Z"}
